mode: set
git.sr.ht/~jamesponddotco/bunnystorage-go/internal/testutil/setup.go:34.61,36.23 2 1
git.sr.ht/~jamesponddotco/bunnystorage-go/internal/testutil/setup.go:36.23,38.3 1 1
git.sr.ht/~jamesponddotco/bunnystorage-go/internal/testutil/setup.go:40.2,41.26 2 1
git.sr.ht/~jamesponddotco/bunnystorage-go/internal/testutil/setup.go:41.26,43.3 1 1
git.sr.ht/~jamesponddotco/bunnystorage-go/internal/testutil/setup.go:45.2,46.27 2 1
git.sr.ht/~jamesponddotco/bunnystorage-go/internal/testutil/setup.go:46.27,48.3 1 1
git.sr.ht/~jamesponddotco/bunnystorage-go/internal/testutil/setup.go:50.2,58.16 3 1
git.sr.ht/~jamesponddotco/bunnystorage-go/internal/testutil/setup.go:58.16,60.3 1 0
git.sr.ht/~jamesponddotco/bunnystorage-go/internal/testutil/setup.go:62.2,62.20 1 1
git.sr.ht/~jamesponddotco/bunnystorage-go/internal/testutil/setup.go:66.57,77.16 4 1
git.sr.ht/~jamesponddotco/bunnystorage-go/internal/testutil/setup.go:77.16,79.3 1 0
git.sr.ht/~jamesponddotco/bunnystorage-go/internal/testutil/setup.go:81.2,81.15 1 1
git.sr.ht/~jamesponddotco/bunnystorage-go/internal/testutil/setup.go:85.74,94.16 6 0
git.sr.ht/~jamesponddotco/bunnystorage-go/internal/testutil/setup.go:94.16,96.3 1 0
git.sr.ht/~jamesponddotco/bunnystorage-go/internal/testutil/setup.go:98.2,100.23 2 0
git.sr.ht/~jamesponddotco/bunnystorage-go/internal/testutil/setup.go:104.67,108.16 3 1
git.sr.ht/~jamesponddotco/bunnystorage-go/internal/testutil/setup.go:108.16,110.3 1 0
git.sr.ht/~jamesponddotco/bunnystorage-go/internal/testutil/setup.go:112.2,112.65 1 1
git.sr.ht/~jamesponddotco/bunnystorage-go/internal/testutil/setup.go:112.65,114.3 1 0
git.sr.ht/~jamesponddotco/bunnystorage-go/internal/testutil/setup.go:116.2,117.16 2 1
git.sr.ht/~jamesponddotco/bunnystorage-go/internal/testutil/setup.go:117.16,119.3 1 0
git.sr.ht/~jamesponddotco/bunnystorage-go/internal/testutil/setup.go:121.2,121.46 1 1
git.sr.ht/~jamesponddotco/bunnystorage-go/internal/testutil/testutil.go:11.56,15.16 3 1
git.sr.ht/~jamesponddotco/bunnystorage-go/internal/testutil/testutil.go:15.16,17.3 1 0
git.sr.ht/~jamesponddotco/bunnystorage-go/internal/testutil/testutil.go:19.2,19.13 1 1
git.sr.ht/~jamesponddotco/bunnystorage-go/client.go:37.46,38.16 1 1
git.sr.ht/~jamesponddotco/bunnystorage-go/client.go:38.16,40.3 1 1
git.sr.ht/~jamesponddotco/bunnystorage-go/client.go:42.2,44.39 2 1
git.sr.ht/~jamesponddotco/bunnystorage-go/client.go:44.39,46.3 1 0
git.sr.ht/~jamesponddotco/bunnystorage-go/client.go:48.2,54.8 1 1
git.sr.ht/~jamesponddotco/bunnystorage-go/client.go:58.87,69.16 5 1
git.sr.ht/~jamesponddotco/bunnystorage-go/client.go:69.16,71.3 1 0
git.sr.ht/~jamesponddotco/bunnystorage-go/client.go:73.2,74.16 2 1
git.sr.ht/~jamesponddotco/bunnystorage-go/client.go:74.16,76.3 1 0
git.sr.ht/~jamesponddotco/bunnystorage-go/client.go:78.2,79.58 2 1
git.sr.ht/~jamesponddotco/bunnystorage-go/client.go:79.58,81.3 1 1
git.sr.ht/~jamesponddotco/bunnystorage-go/client.go:83.2,83.25 1 1
git.sr.ht/~jamesponddotco/bunnystorage-go/client.go:87.98,99.16 6 1
git.sr.ht/~jamesponddotco/bunnystorage-go/client.go:99.16,101.3 1 0
git.sr.ht/~jamesponddotco/bunnystorage-go/client.go:103.2,104.16 2 1
git.sr.ht/~jamesponddotco/bunnystorage-go/client.go:104.16,106.3 1 0
git.sr.ht/~jamesponddotco/bunnystorage-go/client.go:108.2,108.29 1 1
git.sr.ht/~jamesponddotco/bunnystorage-go/client.go:112.114,121.20 4 1
git.sr.ht/~jamesponddotco/bunnystorage-go/client.go:121.20,123.3 1 1
git.sr.ht/~jamesponddotco/bunnystorage-go/client.go:125.2,126.16 2 1
git.sr.ht/~jamesponddotco/bunnystorage-go/client.go:126.16,128.3 1 0
git.sr.ht/~jamesponddotco/bunnystorage-go/client.go:130.2,131.16 2 1
git.sr.ht/~jamesponddotco/bunnystorage-go/client.go:131.16,133.3 1 0
git.sr.ht/~jamesponddotco/bunnystorage-go/client.go:135.2,135.18 1 1
git.sr.ht/~jamesponddotco/bunnystorage-go/client.go:139.88,150.16 6 1
git.sr.ht/~jamesponddotco/bunnystorage-go/client.go:150.16,152.3 1 0
git.sr.ht/~jamesponddotco/bunnystorage-go/client.go:154.2,155.16 2 1
git.sr.ht/~jamesponddotco/bunnystorage-go/client.go:155.16,157.3 1 0
git.sr.ht/~jamesponddotco/bunnystorage-go/client.go:159.2,159.18 1 1
git.sr.ht/~jamesponddotco/bunnystorage-go/client.go:163.80,165.16 2 1
git.sr.ht/~jamesponddotco/bunnystorage-go/client.go:165.16,167.3 1 0
git.sr.ht/~jamesponddotco/bunnystorage-go/client.go:169.2,169.15 1 1
git.sr.ht/~jamesponddotco/bunnystorage-go/client.go:169.15,170.53 1 1
git.sr.ht/~jamesponddotco/bunnystorage-go/client.go:170.53,172.4 1 0
git.sr.ht/~jamesponddotco/bunnystorage-go/client.go:175.2,177.27 2 1
git.sr.ht/~jamesponddotco/bunnystorage-go/client.go:177.27,179.3 1 1
git.sr.ht/~jamesponddotco/bunnystorage-go/client.go:179.8,181.3 1 1
git.sr.ht/~jamesponddotco/bunnystorage-go/client.go:183.2,184.16 2 1
git.sr.ht/~jamesponddotco/bunnystorage-go/client.go:184.16,186.3 1 0
git.sr.ht/~jamesponddotco/bunnystorage-go/client.go:188.2,194.22 2 1
git.sr.ht/~jamesponddotco/bunnystorage-go/client.go:198.133,199.20 1 1
git.sr.ht/~jamesponddotco/bunnystorage-go/client.go:199.20,201.3 1 1
git.sr.ht/~jamesponddotco/bunnystorage-go/client.go:203.2,203.41 1 1
git.sr.ht/~jamesponddotco/bunnystorage-go/client.go:203.41,205.3 1 1
git.sr.ht/~jamesponddotco/bunnystorage-go/client.go:207.2,208.16 2 1
git.sr.ht/~jamesponddotco/bunnystorage-go/client.go:208.16,210.3 1 1
git.sr.ht/~jamesponddotco/bunnystorage-go/client.go:212.2,212.28 1 1
git.sr.ht/~jamesponddotco/bunnystorage-go/client.go:212.28,214.3 1 1
git.sr.ht/~jamesponddotco/bunnystorage-go/client.go:216.2,216.17 1 1
git.sr.ht/~jamesponddotco/bunnystorage-go/config.go:91.49,92.48 1 1
git.sr.ht/~jamesponddotco/bunnystorage-go/config.go:92.48,94.3 1 1
git.sr.ht/~jamesponddotco/bunnystorage-go/config.go:96.2,96.17 1 1
git.sr.ht/~jamesponddotco/bunnystorage-go/config.go:96.17,98.3 1 1
git.sr.ht/~jamesponddotco/bunnystorage-go/config.go:100.2,100.11 1 1
git.sr.ht/~jamesponddotco/bunnystorage-go/config.go:104.25,108.23 3 1
git.sr.ht/~jamesponddotco/bunnystorage-go/config.go:108.23,110.3 1 1
git.sr.ht/~jamesponddotco/bunnystorage-go/config.go:112.2,112.22 1 1
git.sr.ht/~jamesponddotco/bunnystorage-go/config.go:112.22,114.3 1 1
git.sr.ht/~jamesponddotco/bunnystorage-go/config.go:116.2,116.19 1 1
git.sr.ht/~jamesponddotco/bunnystorage-go/config.go:116.19,118.3 1 1
git.sr.ht/~jamesponddotco/bunnystorage-go/config.go:122.35,123.25 1 1
git.sr.ht/~jamesponddotco/bunnystorage-go/config.go:123.25,125.3 1 1
git.sr.ht/~jamesponddotco/bunnystorage-go/config.go:127.2,127.17 1 1
git.sr.ht/~jamesponddotco/bunnystorage-go/config.go:127.17,129.3 1 1
git.sr.ht/~jamesponddotco/bunnystorage-go/config.go:131.2,131.21 1 1
git.sr.ht/~jamesponddotco/bunnystorage-go/config.go:131.21,133.3 1 1
git.sr.ht/~jamesponddotco/bunnystorage-go/config.go:135.2,135.27 1 1
git.sr.ht/~jamesponddotco/bunnystorage-go/config.go:135.27,137.3 1 1
git.sr.ht/~jamesponddotco/bunnystorage-go/config.go:139.2,139.12 1 1
git.sr.ht/~jamesponddotco/bunnystorage-go/endpoint.go:24.31,26.16 2 1
git.sr.ht/~jamesponddotco/bunnystorage-go/endpoint.go:26.16,28.3 1 1
git.sr.ht/~jamesponddotco/bunnystorage-go/endpoint.go:30.2,30.18 1 1
git.sr.ht/~jamesponddotco/bunnystorage-go/endpoint.go:31.30,32.29 1 1
git.sr.ht/~jamesponddotco/bunnystorage-go/endpoint.go:33.33,34.25 1 1
git.sr.ht/~jamesponddotco/bunnystorage-go/endpoint.go:35.33,36.28 1 1
git.sr.ht/~jamesponddotco/bunnystorage-go/endpoint.go:37.33,38.27 1 1
git.sr.ht/~jamesponddotco/bunnystorage-go/endpoint.go:39.34,40.24 1 1
git.sr.ht/~jamesponddotco/bunnystorage-go/endpoint.go:41.33,42.24 1 1
git.sr.ht/~jamesponddotco/bunnystorage-go/endpoint.go:43.33,44.27 1 1
git.sr.ht/~jamesponddotco/bunnystorage-go/endpoint.go:45.33,46.26 1 1
git.sr.ht/~jamesponddotco/bunnystorage-go/endpoint.go:47.33,48.30 1 1
git.sr.ht/~jamesponddotco/bunnystorage-go/endpoint.go:49.25,50.27 1 1
git.sr.ht/~jamesponddotco/bunnystorage-go/endpoint.go:51.10,52.29 1 1
git.sr.ht/~jamesponddotco/bunnystorage-go/endpoint.go:57.35,58.11 1 1
git.sr.ht/~jamesponddotco/bunnystorage-go/endpoint.go:59.27,60.40 1 1
git.sr.ht/~jamesponddotco/bunnystorage-go/endpoint.go:61.23,62.43 1 1
git.sr.ht/~jamesponddotco/bunnystorage-go/endpoint.go:63.26,64.43 1 1
git.sr.ht/~jamesponddotco/bunnystorage-go/endpoint.go:65.25,66.43 1 1
git.sr.ht/~jamesponddotco/bunnystorage-go/endpoint.go:67.22,68.44 1 1
git.sr.ht/~jamesponddotco/bunnystorage-go/endpoint.go:69.22,70.43 1 1
git.sr.ht/~jamesponddotco/bunnystorage-go/endpoint.go:71.25,72.43 1 1
git.sr.ht/~jamesponddotco/bunnystorage-go/endpoint.go:73.24,74.43 1 1
git.sr.ht/~jamesponddotco/bunnystorage-go/endpoint.go:75.28,76.43 1 1
git.sr.ht/~jamesponddotco/bunnystorage-go/endpoint.go:77.25,78.34 1 1
git.sr.ht/~jamesponddotco/bunnystorage-go/endpoint.go:79.10,80.40 1 1
git.sr.ht/~jamesponddotco/bunnystorage-go/endpoint.go:85.34,86.11 1 1
git.sr.ht/~jamesponddotco/bunnystorage-go/endpoint.go:87.193,88.14 1 1
git.sr.ht/~jamesponddotco/bunnystorage-go/endpoint.go:89.10,90.15 1 1
git.sr.ht/~jamesponddotco/bunnystorage-go/util.go:11.49,13.46 2 1
git.sr.ht/~jamesponddotco/bunnystorage-go/util.go:13.46,15.3 1 1
git.sr.ht/~jamesponddotco/bunnystorage-go/util.go:17.2,22.21 2 1
