mode: set
git.sr.ht/~jamesponddotco/bunnystorage-go/internal/testutil/setup.go:34.61,36.23 2 1
git.sr.ht/~jamesponddotco/bunnystorage-go/internal/testutil/setup.go:36.23,38.3 1 1
git.sr.ht/~jamesponddotco/bunnystorage-go/internal/testutil/setup.go:40.2,41.26 2 1
git.sr.ht/~jamesponddotco/bunnystorage-go/internal/testutil/setup.go:41.26,43.3 1 1
git.sr.ht/~jamesponddotco/bunnystorage-go/internal/testutil/setup.go:45.2,46.27 2 1
git.sr.ht/~jamesponddotco/bunnystorage-go/internal/testutil/setup.go:46.27,48.3 1 1
git.sr.ht/~jamesponddotco/bunnystorage-go/internal/testutil/setup.go:50.2,60.16 3 1
git.sr.ht/~jamesponddotco/bunnystorage-go/internal/testutil/setup.go:60.16,62.3 1 0
git.sr.ht/~jamesponddotco/bunnystorage-go/internal/testutil/setup.go:64.2,64.20 1 1
git.sr.ht/~jamesponddotco/bunnystorage-go/internal/testutil/setup.go:68.57,81.16 4 1
git.sr.ht/~jamesponddotco/bunnystorage-go/internal/testutil/setup.go:81.16,83.3 1 0
git.sr.ht/~jamesponddotco/bunnystorage-go/internal/testutil/setup.go:85.2,85.15 1 1
git.sr.ht/~jamesponddotco/bunnystorage-go/internal/testutil/setup.go:89.74,98.16 6 0
git.sr.ht/~jamesponddotco/bunnystorage-go/internal/testutil/setup.go:98.16,100.3 1 0
git.sr.ht/~jamesponddotco/bunnystorage-go/internal/testutil/setup.go:102.2,104.23 2 0
git.sr.ht/~jamesponddotco/bunnystorage-go/internal/testutil/setup.go:108.67,112.16 3 1
git.sr.ht/~jamesponddotco/bunnystorage-go/internal/testutil/setup.go:112.16,114.3 1 0
git.sr.ht/~jamesponddotco/bunnystorage-go/internal/testutil/setup.go:116.2,116.65 1 1
git.sr.ht/~jamesponddotco/bunnystorage-go/internal/testutil/setup.go:116.65,118.3 1 0
git.sr.ht/~jamesponddotco/bunnystorage-go/internal/testutil/setup.go:120.2,121.16 2 1
git.sr.ht/~jamesponddotco/bunnystorage-go/internal/testutil/setup.go:121.16,123.3 1 0
git.sr.ht/~jamesponddotco/bunnystorage-go/internal/testutil/setup.go:125.2,125.46 1 1
git.sr.ht/~jamesponddotco/bunnystorage-go/internal/testutil/testutil.go:11.56,15.16 3 1
git.sr.ht/~jamesponddotco/bunnystorage-go/internal/testutil/testutil.go:15.16,17.3 1 0
git.sr.ht/~jamesponddotco/bunnystorage-go/internal/testutil/testutil.go:19.2,19.13 1 1
git.sr.ht/~jamesponddotco/bunnystorage-go/client.go:39.46,40.16 1 1
git.sr.ht/~jamesponddotco/bunnystorage-go/client.go:40.16,42.3 1 1
git.sr.ht/~jamesponddotco/bunnystorage-go/client.go:44.2,46.39 2 1
git.sr.ht/~jamesponddotco/bunnystorage-go/client.go:46.39,48.3 1 1
git.sr.ht/~jamesponddotco/bunnystorage-go/client.go:50.2,59.8 1 1
git.sr.ht/~jamesponddotco/bunnystorage-go/client.go:63.87,74.16 5 1
git.sr.ht/~jamesponddotco/bunnystorage-go/client.go:74.16,76.3 1 0
git.sr.ht/~jamesponddotco/bunnystorage-go/client.go:78.2,79.16 2 1
git.sr.ht/~jamesponddotco/bunnystorage-go/client.go:79.16,81.3 1 0
git.sr.ht/~jamesponddotco/bunnystorage-go/client.go:83.2,84.58 2 1
git.sr.ht/~jamesponddotco/bunnystorage-go/client.go:84.58,86.3 1 1
git.sr.ht/~jamesponddotco/bunnystorage-go/client.go:88.2,88.25 1 1
git.sr.ht/~jamesponddotco/bunnystorage-go/client.go:92.98,104.16 6 1
git.sr.ht/~jamesponddotco/bunnystorage-go/client.go:104.16,106.3 1 0
git.sr.ht/~jamesponddotco/bunnystorage-go/client.go:108.2,109.16 2 1
git.sr.ht/~jamesponddotco/bunnystorage-go/client.go:109.16,111.3 1 0
git.sr.ht/~jamesponddotco/bunnystorage-go/client.go:113.2,113.29 1 1
git.sr.ht/~jamesponddotco/bunnystorage-go/client.go:117.114,126.20 4 1
git.sr.ht/~jamesponddotco/bunnystorage-go/client.go:126.20,128.3 1 1
git.sr.ht/~jamesponddotco/bunnystorage-go/client.go:130.2,131.16 2 1
git.sr.ht/~jamesponddotco/bunnystorage-go/client.go:131.16,133.3 1 0
git.sr.ht/~jamesponddotco/bunnystorage-go/client.go:135.2,136.16 2 1
git.sr.ht/~jamesponddotco/bunnystorage-go/client.go:136.16,138.3 1 0
git.sr.ht/~jamesponddotco/bunnystorage-go/client.go:140.2,140.18 1 1
git.sr.ht/~jamesponddotco/bunnystorage-go/client.go:144.88,155.16 6 1
git.sr.ht/~jamesponddotco/bunnystorage-go/client.go:155.16,157.3 1 0
git.sr.ht/~jamesponddotco/bunnystorage-go/client.go:159.2,160.16 2 1
git.sr.ht/~jamesponddotco/bunnystorage-go/client.go:160.16,162.3 1 0
git.sr.ht/~jamesponddotco/bunnystorage-go/client.go:164.2,164.18 1 1
git.sr.ht/~jamesponddotco/bunnystorage-go/client.go:168.80,170.16 2 1
git.sr.ht/~jamesponddotco/bunnystorage-go/client.go:170.16,172.3 1 0
git.sr.ht/~jamesponddotco/bunnystorage-go/client.go:174.2,174.15 1 1
git.sr.ht/~jamesponddotco/bunnystorage-go/client.go:174.15,175.53 1 1
git.sr.ht/~jamesponddotco/bunnystorage-go/client.go:175.53,177.4 1 0
git.sr.ht/~jamesponddotco/bunnystorage-go/client.go:180.2,180.17 1 1
git.sr.ht/~jamesponddotco/bunnystorage-go/client.go:180.17,184.17 3 1
git.sr.ht/~jamesponddotco/bunnystorage-go/client.go:184.17,186.4 1 0
git.sr.ht/~jamesponddotco/bunnystorage-go/client.go:188.3,188.89 1 1
git.sr.ht/~jamesponddotco/bunnystorage-go/client.go:191.2,193.27 2 1
git.sr.ht/~jamesponddotco/bunnystorage-go/client.go:193.27,195.3 1 1
git.sr.ht/~jamesponddotco/bunnystorage-go/client.go:195.8,197.3 1 1
git.sr.ht/~jamesponddotco/bunnystorage-go/client.go:199.2,200.16 2 1
git.sr.ht/~jamesponddotco/bunnystorage-go/client.go:200.16,202.3 1 0
git.sr.ht/~jamesponddotco/bunnystorage-go/client.go:204.2,210.22 2 1
git.sr.ht/~jamesponddotco/bunnystorage-go/client.go:214.133,215.20 1 1
git.sr.ht/~jamesponddotco/bunnystorage-go/client.go:215.20,217.3 1 1
git.sr.ht/~jamesponddotco/bunnystorage-go/client.go:219.2,219.41 1 1
git.sr.ht/~jamesponddotco/bunnystorage-go/client.go:219.41,221.3 1 1
git.sr.ht/~jamesponddotco/bunnystorage-go/client.go:223.2,224.16 2 1
git.sr.ht/~jamesponddotco/bunnystorage-go/client.go:224.16,226.3 1 1
git.sr.ht/~jamesponddotco/bunnystorage-go/client.go:228.2,228.28 1 1
git.sr.ht/~jamesponddotco/bunnystorage-go/client.go:228.28,230.3 1 1
git.sr.ht/~jamesponddotco/bunnystorage-go/client.go:232.2,232.17 1 1
git.sr.ht/~jamesponddotco/bunnystorage-go/client.go:232.17,236.17 3 1
git.sr.ht/~jamesponddotco/bunnystorage-go/client.go:236.17,238.4 1 0
git.sr.ht/~jamesponddotco/bunnystorage-go/client.go:240.3,240.73 1 1
git.sr.ht/~jamesponddotco/bunnystorage-go/client.go:243.2,243.17 1 1
git.sr.ht/~jamesponddotco/bunnystorage-go/config.go:96.40,102.2 1 1
git.sr.ht/~jamesponddotco/bunnystorage-go/config.go:105.52,106.37 1 1
git.sr.ht/~jamesponddotco/bunnystorage-go/config.go:106.37,108.3 1 1
git.sr.ht/~jamesponddotco/bunnystorage-go/config.go:110.2,116.3 1 1
git.sr.ht/~jamesponddotco/bunnystorage-go/config.go:120.40,121.18 1 1
git.sr.ht/~jamesponddotco/bunnystorage-go/config.go:121.18,123.3 1 1
git.sr.ht/~jamesponddotco/bunnystorage-go/config.go:125.2,125.21 1 1
git.sr.ht/~jamesponddotco/bunnystorage-go/config.go:125.21,127.3 1 1
git.sr.ht/~jamesponddotco/bunnystorage-go/config.go:129.2,129.21 1 1
git.sr.ht/~jamesponddotco/bunnystorage-go/config.go:129.21,131.3 1 1
git.sr.ht/~jamesponddotco/bunnystorage-go/config.go:133.2,133.12 1 1
git.sr.ht/~jamesponddotco/bunnystorage-go/config.go:179.49,180.48 1 1
git.sr.ht/~jamesponddotco/bunnystorage-go/config.go:180.48,182.3 1 1
git.sr.ht/~jamesponddotco/bunnystorage-go/config.go:184.2,184.17 1 1
git.sr.ht/~jamesponddotco/bunnystorage-go/config.go:184.17,186.3 1 1
git.sr.ht/~jamesponddotco/bunnystorage-go/config.go:188.2,188.11 1 1
git.sr.ht/~jamesponddotco/bunnystorage-go/config.go:192.25,196.26 3 1
git.sr.ht/~jamesponddotco/bunnystorage-go/config.go:196.26,198.3 1 1
git.sr.ht/~jamesponddotco/bunnystorage-go/config.go:200.2,200.22 1 1
git.sr.ht/~jamesponddotco/bunnystorage-go/config.go:200.22,202.3 1 1
git.sr.ht/~jamesponddotco/bunnystorage-go/config.go:204.2,204.19 1 1
git.sr.ht/~jamesponddotco/bunnystorage-go/config.go:204.19,206.3 1 1
git.sr.ht/~jamesponddotco/bunnystorage-go/config.go:208.2,208.32 1 1
git.sr.ht/~jamesponddotco/bunnystorage-go/config.go:208.32,210.3 1 1
git.sr.ht/~jamesponddotco/bunnystorage-go/config.go:214.35,215.26 1 1
git.sr.ht/~jamesponddotco/bunnystorage-go/config.go:215.26,217.3 1 1
git.sr.ht/~jamesponddotco/bunnystorage-go/config.go:219.2,219.49 1 1
git.sr.ht/~jamesponddotco/bunnystorage-go/config.go:219.49,221.3 1 1
git.sr.ht/~jamesponddotco/bunnystorage-go/config.go:223.2,223.25 1 1
git.sr.ht/~jamesponddotco/bunnystorage-go/config.go:223.25,225.3 1 1
git.sr.ht/~jamesponddotco/bunnystorage-go/config.go:227.2,227.17 1 1
git.sr.ht/~jamesponddotco/bunnystorage-go/config.go:227.17,229.3 1 1
git.sr.ht/~jamesponddotco/bunnystorage-go/config.go:231.2,231.21 1 1
git.sr.ht/~jamesponddotco/bunnystorage-go/config.go:231.21,233.3 1 1
git.sr.ht/~jamesponddotco/bunnystorage-go/config.go:235.2,235.27 1 1
git.sr.ht/~jamesponddotco/bunnystorage-go/config.go:235.27,237.3 1 1
git.sr.ht/~jamesponddotco/bunnystorage-go/config.go:239.2,239.12 1 1
git.sr.ht/~jamesponddotco/bunnystorage-go/endpoint.go:24.31,26.16 2 1
git.sr.ht/~jamesponddotco/bunnystorage-go/endpoint.go:26.16,28.3 1 1
git.sr.ht/~jamesponddotco/bunnystorage-go/endpoint.go:30.2,30.18 1 1
git.sr.ht/~jamesponddotco/bunnystorage-go/endpoint.go:31.30,32.29 1 1
git.sr.ht/~jamesponddotco/bunnystorage-go/endpoint.go:33.33,34.25 1 1
git.sr.ht/~jamesponddotco/bunnystorage-go/endpoint.go:35.33,36.28 1 1
git.sr.ht/~jamesponddotco/bunnystorage-go/endpoint.go:37.33,38.27 1 1
git.sr.ht/~jamesponddotco/bunnystorage-go/endpoint.go:39.34,40.24 1 1
git.sr.ht/~jamesponddotco/bunnystorage-go/endpoint.go:41.33,42.24 1 1
git.sr.ht/~jamesponddotco/bunnystorage-go/endpoint.go:43.33,44.27 1 1
git.sr.ht/~jamesponddotco/bunnystorage-go/endpoint.go:45.33,46.26 1 1
git.sr.ht/~jamesponddotco/bunnystorage-go/endpoint.go:47.33,48.30 1 1
git.sr.ht/~jamesponddotco/bunnystorage-go/endpoint.go:49.25,50.27 1 1
git.sr.ht/~jamesponddotco/bunnystorage-go/endpoint.go:51.10,52.29 1 1
git.sr.ht/~jamesponddotco/bunnystorage-go/endpoint.go:57.35,58.11 1 1
git.sr.ht/~jamesponddotco/bunnystorage-go/endpoint.go:59.27,60.40 1 1
git.sr.ht/~jamesponddotco/bunnystorage-go/endpoint.go:61.23,62.43 1 1
git.sr.ht/~jamesponddotco/bunnystorage-go/endpoint.go:63.26,64.43 1 1
git.sr.ht/~jamesponddotco/bunnystorage-go/endpoint.go:65.25,66.43 1 1
git.sr.ht/~jamesponddotco/bunnystorage-go/endpoint.go:67.22,68.44 1 1
git.sr.ht/~jamesponddotco/bunnystorage-go/endpoint.go:69.22,70.43 1 1
git.sr.ht/~jamesponddotco/bunnystorage-go/endpoint.go:71.25,72.43 1 1
git.sr.ht/~jamesponddotco/bunnystorage-go/endpoint.go:73.24,74.43 1 1
git.sr.ht/~jamesponddotco/bunnystorage-go/endpoint.go:75.28,76.43 1 1
git.sr.ht/~jamesponddotco/bunnystorage-go/endpoint.go:77.25,78.34 1 1
git.sr.ht/~jamesponddotco/bunnystorage-go/endpoint.go:79.10,80.40 1 1
git.sr.ht/~jamesponddotco/bunnystorage-go/endpoint.go:85.34,86.11 1 1
git.sr.ht/~jamesponddotco/bunnystorage-go/endpoint.go:87.193,88.14 1 1
git.sr.ht/~jamesponddotco/bunnystorage-go/endpoint.go:89.10,90.15 1 1
git.sr.ht/~jamesponddotco/bunnystorage-go/util.go:11.49,13.46 2 1
git.sr.ht/~jamesponddotco/bunnystorage-go/util.go:13.46,15.3 1 1
git.sr.ht/~jamesponddotco/bunnystorage-go/util.go:17.2,22.21 2 1
